[debug] [2022-12-12T05:29:42.151Z] ----------------------------------------------------------------------
[debug] [2022-12-12T05:29:42.153Z] Command:       C:\Program Files\nodejs\node.exe C:\Users\User\AppData\Roaming\npm\node_modules\firebase-tools\lib\bin\firebase.js deploy --only hosting
[debug] [2022-12-12T05:29:42.154Z] CLI Version:   11.17.0
[debug] [2022-12-12T05:29:42.154Z] Platform:      win32
[debug] [2022-12-12T05:29:42.154Z] Node Version:  v16.15.1
[debug] [2022-12-12T05:29:42.163Z] Time:          Mon Dec 12 2022 11:29:42 GMT+0600 (Восточный Казахстан)
[debug] [2022-12-12T05:29:42.163Z] ----------------------------------------------------------------------
[debug] 
[debug] [2022-12-12T05:29:42.248Z] > command requires scopes: ["email","openid","https://www.googleapis.com/auth/cloudplatformprojects.readonly","https://www.googleapis.com/auth/firebase","https://www.googleapis.com/auth/cloud-platform"]
[debug] [2022-12-12T05:29:42.249Z] > authorizing via signed-in user (khrustyuk05@gmail.com)
[debug] [2022-12-12T05:29:42.249Z] [iam] checking project angular-project-80de2 for permissions ["firebase.projects.get","firebasehosting.sites.update"]
[debug] [2022-12-12T05:29:42.253Z] >>> [apiv2][query] POST https://cloudresourcemanager.googleapis.com/v1/projects/angular-project-80de2:testIamPermissions [none]
[debug] [2022-12-12T05:29:42.253Z] >>> [apiv2][(partial)header] POST https://cloudresourcemanager.googleapis.com/v1/projects/angular-project-80de2:testIamPermissions x-goog-quota-user=projects/angular-project-80de2
[debug] [2022-12-12T05:29:42.253Z] >>> [apiv2][body] POST https://cloudresourcemanager.googleapis.com/v1/projects/angular-project-80de2:testIamPermissions {"permissions":["firebase.projects.get","firebasehosting.sites.update"]}
[debug] [2022-12-12T05:29:43.606Z] <<< [apiv2][status] POST https://cloudresourcemanager.googleapis.com/v1/projects/angular-project-80de2:testIamPermissions 200
[debug] [2022-12-12T05:29:43.608Z] <<< [apiv2][body] POST https://cloudresourcemanager.googleapis.com/v1/projects/angular-project-80de2:testIamPermissions {"permissions":["firebase.projects.get","firebasehosting.sites.update"]}
[debug] [2022-12-12T05:29:43.612Z] >>> [apiv2][query] GET https://firebase.googleapis.com/v1beta1/projects/angular-project-80de2 [none]
[debug] [2022-12-12T05:29:44.236Z] <<< [apiv2][status] GET https://firebase.googleapis.com/v1beta1/projects/angular-project-80de2 200
[debug] [2022-12-12T05:29:44.237Z] <<< [apiv2][body] GET https://firebase.googleapis.com/v1beta1/projects/angular-project-80de2 {"projectId":"angular-project-80de2","projectNumber":"90741323307","displayName":"angular-project","name":"projects/angular-project-80de2","resources":{"hostingSite":"angular-project-80de2","realtimeDatabaseInstance":"angular-project-80de2-default-rtdb","storageBucket":"angular-project-80de2.appspot.com","locationId":"europe-west"},"state":"ACTIVE","etag":"1_19000e21-50dc-4d01-a199-6e16392f5c0c"}
[info] 
[info] === Deploying to 'angular-project-80de2'...
[info] 
[info] i  deploying hosting 
[debug] [2022-12-12T05:29:44.270Z] >>> [apiv2][query] POST https://firebasehosting.googleapis.com/v1beta1/projects/-/sites/angular-project-80de2/versions [none]
[debug] [2022-12-12T05:29:44.270Z] >>> [apiv2][body] POST https://firebasehosting.googleapis.com/v1beta1/projects/-/sites/angular-project-80de2/versions {"status":"CREATED","labels":{"deployment-tool":"cli-firebase"}}
[debug] [2022-12-12T05:29:46.244Z] <<< [apiv2][status] POST https://firebasehosting.googleapis.com/v1beta1/projects/-/sites/angular-project-80de2/versions 200
[debug] [2022-12-12T05:29:46.245Z] <<< [apiv2][body] POST https://firebasehosting.googleapis.com/v1beta1/projects/-/sites/angular-project-80de2/versions {"name":"projects/90741323307/sites/angular-project-80de2/versions/441bc8b44139934c","status":"CREATED","config":{},"labels":{"deployment-tool":"cli-firebase"}}
[info] i  hosting[angular-project-80de2]: beginning deploy... 
[info] i  hosting[angular-project-80de2]: found 1 files in public 
[debug] [2022-12-12T05:30:01.959Z] [hosting] uploading with 200 concurrency
[debug] [2022-12-12T05:30:01.968Z] [hosting] hash cache [cHVibGlj] stored for 1 files
[debug] [2022-12-12T05:30:01.969Z] [hosting][hash queue][FINAL] {"max":1,"min":1,"avg":1,"active":0,"complete":1,"success":1,"errored":0,"retried":0,"total":1,"elapsed":4}
[debug] [2022-12-12T05:30:01.970Z] >>> [apiv2][query] POST https://firebasehosting.googleapis.com/v1beta1/projects/90741323307/sites/angular-project-80de2/versions/441bc8b44139934c:populateFiles [none]
[debug] [2022-12-12T05:30:01.970Z] >>> [apiv2][body] POST https://firebasehosting.googleapis.com/v1beta1/projects/90741323307/sites/angular-project-80de2/versions/441bc8b44139934c:populateFiles {"files":{"/index.html":"220f72c50e78dd7db6a0e2e8783fa44d71c87868469dfeb3d87240d358d28d2d"}}
[debug] [2022-12-12T05:30:03.447Z] <<< [apiv2][status] POST https://firebasehosting.googleapis.com/v1beta1/projects/90741323307/sites/angular-project-80de2/versions/441bc8b44139934c:populateFiles 200
[debug] [2022-12-12T05:30:03.448Z] <<< [apiv2][body] POST https://firebasehosting.googleapis.com/v1beta1/projects/90741323307/sites/angular-project-80de2/versions/441bc8b44139934c:populateFiles {"uploadUrl":"https://upload-firebasehosting.googleapis.com/upload/sites/angular-project-80de2/versions/441bc8b44139934c/files"}
[debug] [2022-12-12T05:30:03.448Z] [hosting][populate queue][FINAL] {"max":1482,"min":1482,"avg":1482,"active":0,"complete":1,"success":1,"errored":0,"retried":0,"total":1,"elapsed":1482}
[debug] [2022-12-12T05:30:03.449Z] [hosting] uploads queued: 0
[debug] [2022-12-12T05:30:03.449Z] [hosting][upload queue][FINAL] {"max":0,"min":9999999999,"avg":0,"active":0,"complete":0,"success":0,"errored":0,"retried":0,"total":0,"elapsed":1670823003449}
[info] +  hosting[angular-project-80de2]: file upload complete 
[debug] [2022-12-12T05:30:03.452Z] [hosting] deploy completed after 1507ms
[debug] [2022-12-12T05:30:03.457Z] [
  {
    "config": {
      "public": "public",
      "ignore": [
        "firebase.json",
        "**/.*",
        "**/node_modules/**"
      ],
      "rewrites": [
        {
          "source": "**",
          "destination": "/index.html"
        }
      ],
      "site": "angular-project-80de2"
    },
    "version": "projects/90741323307/sites/angular-project-80de2/versions/441bc8b44139934c"
  }
]
[info] i  hosting[angular-project-80de2]: finalizing version... 
[debug] [2022-12-12T05:30:03.463Z] >>> [apiv2][query] PATCH https://firebasehosting.googleapis.com/v1beta1/projects/-/sites/angular-project-80de2/versions/441bc8b44139934c updateMask=status%2Cconfig
[debug] [2022-12-12T05:30:03.463Z] >>> [apiv2][body] PATCH https://firebasehosting.googleapis.com/v1beta1/projects/-/sites/angular-project-80de2/versions/441bc8b44139934c {"status":"FINALIZED","config":{"rewrites":[{"glob":"**","path":"/index.html"}]}}
[debug] [2022-12-12T05:30:04.879Z] <<< [apiv2][status] PATCH https://firebasehosting.googleapis.com/v1beta1/projects/-/sites/angular-project-80de2/versions/441bc8b44139934c 200
[debug] [2022-12-12T05:30:04.880Z] <<< [apiv2][body] PATCH https://firebasehosting.googleapis.com/v1beta1/projects/-/sites/angular-project-80de2/versions/441bc8b44139934c {"name":"projects/90741323307/sites/angular-project-80de2/versions/441bc8b44139934c","status":"FINALIZED","config":{"rewrites":[{"glob":"**","path":"/index.html"}]},"labels":{"deployment-tool":"cli-firebase"},"createTime":"2022-12-12T05:29:44.152446Z","createUser":{"email":"khrustyuk05@gmail.com"},"finalizeTime":"2022-12-12T05:30:03.532331Z","finalizeUser":{"email":"khrustyuk05@gmail.com"}}
[debug] [2022-12-12T05:30:04.880Z] [hosting] finalized version for angular-project-80de2:[object Object]
[info] +  hosting[angular-project-80de2]: version finalized 
[info] i  hosting[angular-project-80de2]: releasing new version... 
[debug] [2022-12-12T05:30:04.886Z] >>> [apiv2][query] POST https://firebasehosting.googleapis.com/v1beta1/projects/-/sites/angular-project-80de2/channels/live/releases versionName=projects%2F90741323307%2Fsites%2Fangular-project-80de2%2Fversions%2F441bc8b44139934c
[debug] [2022-12-12T05:30:04.886Z] >>> [apiv2][body] POST https://firebasehosting.googleapis.com/v1beta1/projects/-/sites/angular-project-80de2/channels/live/releases {}
[debug] [2022-12-12T05:30:06.286Z] <<< [apiv2][status] POST https://firebasehosting.googleapis.com/v1beta1/projects/-/sites/angular-project-80de2/channels/live/releases 200
[debug] [2022-12-12T05:30:06.287Z] <<< [apiv2][body] POST https://firebasehosting.googleapis.com/v1beta1/projects/-/sites/angular-project-80de2/channels/live/releases {"name":"projects/90741323307/sites/angular-project-80de2/channels/live/releases/1670823004368900","version":{"name":"projects/90741323307/sites/angular-project-80de2/versions/441bc8b44139934c","status":"FINALIZED","config":{"rewrites":[{"glob":"**","path":"/index.html"}]},"labels":{"deployment-tool":"cli-firebase"},"createTime":"2022-12-12T05:29:44.152446Z","createUser":{"email":"khrustyuk05@gmail.com","imageUrl":"https://lh3.googleusercontent.com/a/AEdFTp6oU5htgsmvzyY5tYT3Yos1kJieMQYDGnpay9Hd=mo"},"finalizeTime":"2022-12-12T05:30:03.532331Z","finalizeUser":{"email":"khrustyuk05@gmail.com","imageUrl":"https://lh3.googleusercontent.com/a/AEdFTp6oU5htgsmvzyY5tYT3Yos1kJieMQYDGnpay9Hd=mo"}},"type":"DEPLOY","releaseTime":"2022-12-12T05:30:04.368900439Z","releaseUser":{"email":"khrustyuk05@gmail.com","imageUrl":"https://lh3.googleusercontent.com/a/AEdFTp6oU5htgsmvzyY5tYT3Yos1kJieMQYDGnpay9Hd=mo"}}
[debug] [2022-12-12T05:30:06.287Z] [hosting] release: {"name":"projects/90741323307/sites/angular-project-80de2/channels/live/releases/1670823004368900","version":{"name":"projects/90741323307/sites/angular-project-80de2/versions/441bc8b44139934c","status":"FINALIZED","config":{"rewrites":[{"glob":"**","path":"/index.html"}]},"labels":{"deployment-tool":"cli-firebase"},"createTime":"2022-12-12T05:29:44.152446Z","createUser":{"email":"khrustyuk05@gmail.com","imageUrl":"https://lh3.googleusercontent.com/a/AEdFTp6oU5htgsmvzyY5tYT3Yos1kJieMQYDGnpay9Hd=mo"},"finalizeTime":"2022-12-12T05:30:03.532331Z","finalizeUser":{"email":"khrustyuk05@gmail.com","imageUrl":"https://lh3.googleusercontent.com/a/AEdFTp6oU5htgsmvzyY5tYT3Yos1kJieMQYDGnpay9Hd=mo"}},"type":"DEPLOY","releaseTime":"2022-12-12T05:30:04.368900439Z","releaseUser":{"email":"khrustyuk05@gmail.com","imageUrl":"https://lh3.googleusercontent.com/a/AEdFTp6oU5htgsmvzyY5tYT3Yos1kJieMQYDGnpay9Hd=mo"}}
[info] +  hosting[angular-project-80de2]: release complete 
[debug] [2022-12-12T05:30:15.004Z] ----------------------------------------------------------------------
[debug] [2022-12-12T05:30:15.007Z] Command:       C:\Program Files\nodejs\node.exe C:\Users\User\AppData\Roaming\npm\node_modules\firebase-tools\lib\bin\firebase.js init hosting
[debug] [2022-12-12T05:30:15.007Z] CLI Version:   11.17.0
[debug] [2022-12-12T05:30:15.007Z] Platform:      win32
[debug] [2022-12-12T05:30:15.007Z] Node Version:  v16.15.1
[debug] [2022-12-12T05:30:15.009Z] Time:          Mon Dec 12 2022 11:30:15 GMT+0600 (Восточный Казахстан)
[debug] [2022-12-12T05:30:15.009Z] ----------------------------------------------------------------------
[debug] 
[debug] [2022-12-12T05:30:15.094Z] > command requires scopes: ["email","openid","https://www.googleapis.com/auth/cloudplatformprojects.readonly","https://www.googleapis.com/auth/firebase","https://www.googleapis.com/auth/cloud-platform"]
[debug] [2022-12-12T05:30:15.095Z] > authorizing via signed-in user (khrustyuk05@gmail.com)
[info] 
     ######## #### ########  ######## ########     ###     ######  ########
     ##        ##  ##     ## ##       ##     ##  ##   ##  ##       ##
     ######    ##  ########  ######   ########  #########  ######  ######
     ##        ##  ##    ##  ##       ##     ## ##     ##       ## ##
     ##       #### ##     ## ######## ########  ##     ##  ######  ########

You're about to initialize a Firebase project in this directory:

  C:\Users\User\Desktop\diploma\diploma

Before we get started, keep in mind:

  * You are initializing within an existing Firebase project directory

[info] 
=== Project Setup
[info] 
[info] First, let's associate this project directory with a Firebase project.
[info] You can create multiple project aliases by running firebase use --add, 
[info] but for now we'll just set up a default project.
[info] 
[debug] [2022-12-12T05:30:17.790Z] Using project from CLI flag: angular-project-80de2
[debug] [2022-12-12T05:30:17.796Z] >>> [apiv2][query] GET https://firebase.googleapis.com/v1beta1/projects/angular-project-80de2 [none]
[debug] [2022-12-12T05:30:18.406Z] <<< [apiv2][status] GET https://firebase.googleapis.com/v1beta1/projects/angular-project-80de2 200
[debug] [2022-12-12T05:30:18.407Z] <<< [apiv2][body] GET https://firebase.googleapis.com/v1beta1/projects/angular-project-80de2 {"projectId":"angular-project-80de2","projectNumber":"90741323307","displayName":"angular-project","name":"projects/angular-project-80de2","resources":{"hostingSite":"angular-project-80de2","realtimeDatabaseInstance":"angular-project-80de2-default-rtdb","storageBucket":"angular-project-80de2.appspot.com","locationId":"europe-west"},"state":"ACTIVE","etag":"1_19000e21-50dc-4d01-a199-6e16392f5c0c"}
[info] i  Using project angular-project-80de2 (angular-project) 
[info] 
=== Hosting Setup
[info] 
[info] Your public directory is the folder (relative to your project directory) that
[info] will contain Hosting assets to be uploaded with firebase deploy. If you
[info] have a build process for your assets, use your build's output directory.
[info] 
